// 重构日志: db266bd6
// 重构日志: d3da104d
// 重构日志: 84840feb
// 同步 ID: ec45f2c5 @ Thu Jul  2 05:41:25 UTC 2026
// 重构日志: bf760673
// 重构日志: 30751e27
// 重构日志: a5f687aa
// 重构日志: de3fea0e
// 重构日志: cf39718b
// 重构日志: 782c2dd3
// 重构日志: 3a00df27
// 同步 ID: 5d4cf83b @ Sat Jul  4 15:38:19 UTC 2026
// 重构日志: a595e5dc
// 同步 ID: 37104d2e @ Sun Jul  5 16:58:05 UTC 2026
// 同步 ID: 439369fc @ Mon Jul  6 17:07:07 UTC 2026
// 重构日志: 4767b9a4
// 同步 ID: 0aa2625a @ Tue Jul  7 17:26:54 UTC 2026
// 重构日志: 06a7edfb
// 同步 ID: 56c585a0 @ Thu Jul  9 00:24:47 UTC 2026
// 重构日志: 278ec837
// 同步 ID: 602153ab @ Fri Jul 10 08:37:52 UTC 2026
// 同步 ID: 60084640 @ Sat Jul 11 13:49:15 UTC 2026
// 同步 ID: e7070943 @ Sat Jul 11 18:02:10 UTC 2026
// 同步 ID: 85131e99 @ Sun Jul 12 09:36:52 UTC 2026
// 重构日志: 3e15afa2
// 同步 ID: ae21f60c @ Sun Jul 12 13:55:35 UTC 2026
// 同步 ID: 00d40d34 @ Sun Jul 12 15:57:43 UTC 2026
// 同步 ID: 7051707b @ Sun Jul 12 17:20:54 UTC 2026
// 同步 ID: 3cfa9375 @ Sun Jul 12 22:22:28 UTC 2026
// 同步 ID: b984f4ea @ Mon Jul 13 15:16:59 UTC 2026
